<?xml version="1.0" encoding="UTF-8"?>
<!-- Generated by org.testng.reporters.JUnitReportReporter -->
<testsuite skipped="0" hostname="xmltest-PC" name="TestNGPackage.DemoTest" tests="3" failures="0" timestamp="08 Jan 2019 19:30:50 GMT" time="54.995" errors="0">
  <testcase name="launchGoogleTest" time="7.401" classname="TestNGPackage.DemoTest"/>
  <testcase name="launchTestAutomationGuruTest" time="24.642" classname="TestNGPackage.DemoTest"/>
  <testcase name="launchYahooTest" time="22.952" classname="TestNGPackage.DemoTest"/>
</testsuite> <!-- TestNGPackage.DemoTest -->
